19.02.2014 11:02:37 - Database>SELECT * FROM `score` WHERE `username`=? AND `level`=?
19.02.2014 11:02:37 - Database>Array
(
    [0] => HY000
    [1] => 1
    [2] => no such column: level
)

19.02.2014 11:02:37 - Database>INSERT INTO * FROM `score` (`username`, `score`, `level`, `score_timestamp`) VALUES (?,?,?,?)
19.02.2014 11:02:37 - Database>Array
(
    [0] => HY000
    [1] => 1
    [2] => near "*": syntax error
)

19.02.2014 11:02:58 - Database>SELECT * FROM `score` WHERE `username`=? AND `level`=?
19.02.2014 11:02:58 - Database>Array
(
    [0] => HY000
    [1] => 1
    [2] => no such column: level
)

19.02.2014 11:02:58 - Database>INSERT INTO * FROM `score` (`username`, `score`, `level`, `score_timestamp`) VALUES (?,?,?,?)
19.02.2014 11:02:58 - Database>Array
(
    [0] => HY000
    [1] => 1
    [2] => near "*": syntax error
)

19.02.2014 11:03:04 - Database>SELECT * FROM `score` WHERE `username`=? AND `level`=?
19.02.2014 11:03:04 - Database>Array
(
    [0] => HY000
    [1] => 1
    [2] => no such column: level
)

19.02.2014 11:03:04 - Database>INSERT INTO * FROM `score` (`username`, `score`, `level`, `score_timestamp`) VALUES (?,?,?,?)
19.02.2014 11:03:04 - Database>Array
(
    [0] => HY000
    [1] => 1
    [2] => near "*": syntax error
)

19.02.2014 11:26:36 - Database>SELECT * FROM `score` WHERE `username`=? AND `level`=?
19.02.2014 11:26:36 - Database>Array
(
    [0] => HY000
    [1] => 1
    [2] => no such column: level
)

19.02.2014 11:26:36 - Database>INSERT INTO * FROM `score` (`username`, `score`, `level`, `score_timestamp`) VALUES (?,?,?,?)
19.02.2014 11:26:36 - Database>Array
(
    [0] => HY000
    [1] => 1
    [2] => near "*": syntax error
)

19.02.2014 11:29:55 - Database>SELECT * FROM `score` WHERE `username`=? AND `level`=?
19.02.2014 11:29:55 - Database>Array
(
    [0] => HY000
    [1] => 1
    [2] => no such column: level
)

19.02.2014 11:29:55 - Database>INSERT INTO * FROM `score` (`username`, `score`, `level`, `score_timestamp`) VALUES (?,?,?,?)
19.02.2014 11:29:55 - Database>Array
(
    [0] => HY000
    [1] => 1
    [2] => near "*": syntax error
)

19.02.2014 11:30:00 - Database>SELECT * FROM `score` WHERE `username`=? AND `level`=?
19.02.2014 11:30:00 - Database>Array
(
    [0] => HY000
    [1] => 1
    [2] => no such column: level
)

19.02.2014 11:30:00 - Database>INSERT INTO * FROM `score` (`username`, `score`, `level`, `score_timestamp`) VALUES (?,?,?,?)
19.02.2014 11:30:00 - Database>Array
(
    [0] => HY000
    [1] => 1
    [2] => near "*": syntax error
)

19.02.2014 11:30:31 - Database>INSERT INTO * FROM `score` (`username`, `score`, `level`, `score_timestamp`) VALUES (?,?,?,?)
19.02.2014 11:30:31 - Database>Array
(
    [0] => HY000
    [1] => 1
    [2] => near "*": syntax error
)

19.02.2014 11:30:32 - Database>INSERT INTO * FROM `score` (`username`, `score`, `level`, `score_timestamp`) VALUES (?,?,?,?)
19.02.2014 11:30:32 - Database>Array
(
    [0] => HY000
    [1] => 1
    [2] => near "*": syntax error
)

19.02.2014 11:30:35 - Database>INSERT INTO * FROM `score` (`username`, `score`, `level`, `score_timestamp`) VALUES (?,?,?,?)
19.02.2014 11:30:35 - Database>Array
(
    [0] => HY000
    [1] => 1
    [2] => near "*": syntax error
)

19.02.2014 11:30:35 - Database>INSERT INTO * FROM `score` (`username`, `score`, `level`, `score_timestamp`) VALUES (?,?,?,?)
19.02.2014 11:30:35 - Database>Array
(
    [0] => HY000
    [1] => 1
    [2] => near "*": syntax error
)

19.02.2014 11:30:44 - Database>INSERT INTO * FROM `score` (`username`, `score`, `level`, `score_timestamp`) VALUES (?,?,?,?)
19.02.2014 11:30:44 - Database>Array
(
    [0] => HY000
    [1] => 1
    [2] => near "*": syntax error
)

19.02.2014 11:32:28 - Database>INSERT INTO * FROM `score` (`username`, `score`, `level`, `score_timestamp`) VALUES (?,?,?,?)
19.02.2014 11:32:28 - Database>Array
(
    [0] => HY000
    [1] => 1
    [2] => near "*": syntax error
)

19.02.2014 11:35:09 - Database>INSERT INTO * FROM `score` (`username`, `score`, `level`, `score_timestamp`) VALUES (?,?,?,?)
19.02.2014 11:35:09 - Database>Array
(
    [0] => HY000
    [1] => 1
    [2] => near "*": syntax error
)

19.02.2014 11:46:00 - Database>Array
(
    [0] => 00000
    [1] => 
    [2] => 
)

19.02.2014 11:46:00 - Database>Array
(
    [0] => 00000
    [1] => 
    [2] => 
)

19.02.2014 12:15:02 - Database>SELECT * FROM `score` ORDER BY ``level`,`score`` ASC
19.02.2014 12:15:02 - Database>Array
(
    [0] => HY000
    [1] => 1
    [2] => near "level": syntax error
)

19.02.2014 12:15:03 - Database>SELECT * FROM `score` ORDER BY ``level`,`score`` ASC
19.02.2014 12:15:03 - Database>Array
(
    [0] => HY000
    [1] => 1
    [2] => near "level": syntax error
)

19.02.2014 12:15:04 - Database>SELECT * FROM `score` ORDER BY ``level`,`score`` ASC
19.02.2014 12:15:04 - Database>Array
(
    [0] => HY000
    [1] => 1
    [2] => near "level": syntax error
)

19.02.2014 12:15:04 - Database>SELECT * FROM `score` ORDER BY ``level`,`score`` ASC
19.02.2014 12:15:04 - Database>Array
(
    [0] => HY000
    [1] => 1
    [2] => near "level": syntax error
)

19.02.2014 12:15:10 - Database>SELECT * FROM `score` ORDER BY ``level`` ASC
19.02.2014 12:15:10 - Database>Array
(
    [0] => HY000
    [1] => 1
    [2] => near "level": syntax error
)

19.02.2014 12:15:11 - Database>SELECT * FROM `score` ORDER BY ``level`` ASC
19.02.2014 12:15:11 - Database>Array
(
    [0] => HY000
    [1] => 1
    [2] => near "level": syntax error
)

19.02.2014 12:15:11 - Database>SELECT * FROM `score` ORDER BY ``level`` ASC
19.02.2014 12:15:11 - Database>Array
(
    [0] => HY000
    [1] => 1
    [2] => near "level": syntax error
)

19.02.2014 12:15:11 - Database>SELECT * FROM `score` ORDER BY ``level`` ASC
19.02.2014 12:15:11 - Database>Array
(
    [0] => HY000
    [1] => 1
    [2] => near "level": syntax error
)

